<?xml version="1.0" encoding="UTF-8"?>
<!-- Generated by org.testng.reporters.JUnitXMLReporter -->
<testsuite hostname="LAPTOP-MBJNO64N" ignored="0" name="function tests" tests="3" failures="0" timestamp="2021-05-03T14:02:49 IST" time="0.013" errors="0">
  <testcase name="paymentInDollar" time="0.001" classname="BatchTesting.PaymentTest"/>
  <testcase name="paymentInRupees" time="0.002" classname="BatchTesting.PaymentTest"/>
  <testcase name="paymentReturnByBank" time="0.001" classname="BatchTesting.PaymentReturns"/>
</testsuite> <!-- function tests -->
