<?xml version="1.0" encoding="UTF-8"?>
<!-- Generated by org.testng.reporters.JUnitXMLReporter -->
<testsuite hostname="LAPTOP-MBJNO64N" ignored="0" name="sanity tests" tests="6" failures="0" timestamp="2021-05-03T14:02:49 IST" time="0.087" errors="0">
  <testcase name="loginByEmail" time="0.012" classname="BatchTesting.LoginTest"/>
  <testcase name="loginByFacebook" time="0.003" classname="BatchTesting.LoginTest"/>
  <testcase name="loginByTwitter" time="0.004" classname="BatchTesting.LoginTest"/>
  <testcase name="signupbyemail" time="0.001" classname="BatchTesting.SignupTest"/>
  <testcase name="signupbyfacebook" time="0.002" classname="BatchTesting.SignupTest"/>
  <testcase name="signupbytwitter" time="0.001" classname="BatchTesting.SignupTest"/>
</testsuite> <!-- sanity tests -->
